
<?xml version="1.0" encoding="UTF-8"?>
<robot generator="Robot 7.1 (Python 3.13.0 on win32)" generated="2024-10-24T09:32:18.732248" rpa="false" schemaversion="5">
<suite id="s1" name="Success-Pr-Po" source="D:\NIDA\MMP\testing-system\PR-PO\test-case\success-pr-po.robot">
<test id="s1-t1" name="Membuat Purchase Requisition" line="48">
<kw name="Set Selenium Speed" owner="SeleniumLibrary">
<arg>0.4 seconds</arg>
<doc>Sets the delay that is waited after each Selenium command.</doc>
<status status="PASS" start="2024-10-24T09:32:19.282817" elapsed="0.000334"/>
</kw>
<kw name="Open Browser" owner="SeleniumLibrary">
<msg time="2024-10-24T09:32:19.283853" level="INFO">Opening browser 'Chrome' to base url 'http://devportal.mmproperty.com/login'.</msg>
<msg time="2024-10-24T09:32:20.007013" level="WARN">The chromedriver version (129.0.6668.100) detected in PATH at D:\NIDA\Testing\chromedriver.exe might not be compatible with the detected chrome version (130.0.6723.59); currently, chromedriver 130.0.6723.69 is recommended for chrome 130.*, so it is advised to delete the driver in PATH and retry</msg>
<arg>${login_url}</arg>
<arg>Chrome</arg>
<doc>Opens a new browser instance to the optional ``url``.</doc>
<status status="PASS" start="2024-10-24T09:32:19.283524" elapsed="9.750670"/>
</kw>
<kw name="Set Window Size" owner="SeleniumLibrary">
<arg>1920</arg>
<arg>1080</arg>
<doc>Sets current windows size to given ``width`` and ``height``.</doc>
<status status="PASS" start="2024-10-24T09:32:29.035624" elapsed="0.821585"/>
</kw>
<kw name="Wait Until Element Is Visible" owner="SeleniumLibrary">
<arg>//div[@class='container']</arg>
<doc>Waits until the element ``locator`` is visible.</doc>
<status status="PASS" start="2024-10-24T09:32:29.858402" elapsed="0.855251"/>
</kw>
<kw name="Input Text" owner="SeleniumLibrary">
<msg time="2024-10-24T09:32:30.715400" level="INFO">Typing text 'daniel.fernando' into text field '//input[@id='email']'.</msg>
<arg>//input[@id='email']</arg>
<arg>${pr_requester_email}</arg>
<doc>Types the given ``text`` into the text field identified by ``locator``.</doc>
<status status="PASS" start="2024-10-24T09:32:30.714700" elapsed="1.459577"/>
</kw>
<kw name="Input Text" owner="SeleniumLibrary">
<msg time="2024-10-24T09:32:32.175423" level="INFO">Typing text 'superFor' into text field '//input[@id='password']'.</msg>
<arg>//input[@id='password']</arg>
<arg>${general_pass}</arg>
<doc>Types the given ``text`` into the text field identified by ``locator``.</doc>
<status status="PASS" start="2024-10-24T09:32:32.174875" elapsed="1.391047"/>
</kw>
<kw name="Click Button" owner="SeleniumLibrary">
<msg time="2024-10-24T09:32:33.567034" level="INFO">Clicking button '//button[@class='btn btn-primary btn-submit' and @type='submit']'.</msg>
<arg>//button[@class='btn btn-primary btn-submit' and @type='submit']</arg>
<doc>Clicks the button identified by ``locator``.</doc>
<status status="PASS" start="2024-10-24T09:32:33.566625" elapsed="4.577709"/>
</kw>
<kw name="Go To" owner="SeleniumLibrary">
<msg time="2024-10-24T09:32:38.146444" level="INFO">Opening url 'http://devportal.mmproperty.com/purchaserequisition'</msg>
<arg>${purchase_requisition_url}</arg>
<doc>Navigates the current browser window to the provided ``url``.</doc>
<status status="PASS" start="2024-10-24T09:32:38.146052" elapsed="11.940028"/>
</kw>
<kw name="Page Should Contain" owner="SeleniumLibrary">
<msg time="2024-10-24T09:32:50.930164" level="INFO">Current page contains text 'Create Purchase Requisition (PR)'.</msg>
<arg>Create Purchase Requisition (PR)</arg>
<doc>Verifies that current page contains ``text``.</doc>
<status status="PASS" start="2024-10-24T09:32:50.091586" elapsed="0.838899"/>
</kw>
<kw name="Click Button" owner="SeleniumLibrary">
<msg time="2024-10-24T09:32:50.931543" level="INFO">Clicking button '//button[@class='btn btn-primary' and @type='button']'.</msg>
<arg>//button[@class='btn btn-primary' and @type='button']</arg>
<doc>Clicks the button identified by ``locator``.</doc>
<status status="PASS" start="2024-10-24T09:32:50.931108" elapsed="5.428082"/>
</kw>
<kw name="Wait Until Element Is Visible" owner="SeleniumLibrary">
<arg>//div[@class='modal-content']</arg>
<arg>${timeout}</arg>
<doc>Waits until the element ``locator`` is visible.</doc>
<status status="PASS" start="2024-10-24T09:32:56.360187" elapsed="0.841220"/>
</kw>
<kw name="Wait Until Element Is Visible" owner="SeleniumLibrary">
<arg>//span[@id='select2-trx_type-container']</arg>
<arg>${timeout}</arg>
<doc>Waits until the element ``locator`` is visible.</doc>
<status status="PASS" start="2024-10-24T09:32:57.202899" elapsed="0.835114"/>
</kw>
<kw name="Click Element" owner="SeleniumLibrary">
<msg time="2024-10-24T09:32:58.049215" level="INFO">Clicking element '//span[@id='select2-trx_type-container']'.</msg>
<arg>//span[@id='select2-trx_type-container']</arg>
<doc>Click the element identified by ``locator``.</doc>
<status status="PASS" start="2024-10-24T09:32:58.048728" elapsed="0.948869"/>
</kw>
<kw name="Click Element" owner="SeleniumLibrary">
<msg time="2024-10-24T09:32:58.998724" level="INFO">Clicking element '//li[@class='select2-results__option select2-results__option--highlighted']'.</msg>
<arg>//li[@class='select2-results__option select2-results__option--highlighted']</arg>
<doc>Click the element identified by ``locator``.</doc>
<status status="PASS" start="2024-10-24T09:32:58.998302" elapsed="0.889917"/>
</kw>
<kw name="Wait Until Element Is Visible" owner="SeleniumLibrary">
<arg>//span[@id='select2-entity_cd_pr-container']</arg>
<arg>${timeout}</arg>
<doc>Waits until the element ``locator`` is visible.</doc>
<status status="PASS" start="2024-10-24T09:32:59.889187" elapsed="0.853719"/>
</kw>
<kw name="Click Element" owner="SeleniumLibrary">
<msg time="2024-10-24T09:33:00.744281" level="INFO">Clicking element '//span[@id='select2-entity_cd_pr-container']'.</msg>
<arg>//span[@id='select2-entity_cd_pr-container']</arg>
<doc>Click the element identified by ``locator``.</doc>
<status status="PASS" start="2024-10-24T09:33:00.743616" elapsed="0.900989"/>
</kw>
<kw name="Wait Until Element Is Visible" owner="SeleniumLibrary">
<arg>//input[@class='select2-search__field']</arg>
<arg>${timeout}</arg>
<doc>Waits until the element ``locator`` is visible.</doc>
<status status="PASS" start="2024-10-24T09:33:01.645341" elapsed="0.834107"/>
</kw>
<kw name="Click Element" owner="SeleniumLibrary">
<msg time="2024-10-24T09:33:02.480258" level="INFO">Clicking element '//input[@class='select2-search__field']'.</msg>
<arg>//input[@class='select2-search__field']</arg>
<doc>Click the element identified by ``locator``.</doc>
<status status="PASS" start="2024-10-24T09:33:02.479946" elapsed="0.884965"/>
</kw>
<kw name="Click Element" owner="SeleniumLibrary">
<msg time="2024-10-24T09:33:03.366143" level="INFO">Clicking element '//li[contains(@class, 'select2-results__option')][1]'.</msg>
<arg>//li[contains(@class, 'select2-results__option')][1]</arg>
<doc>Click the element identified by ``locator``.</doc>
<status status="PASS" start="2024-10-24T09:33:03.365893" elapsed="0.924186"/>
</kw>
<kw name="Wait Until Element Is Visible" owner="SeleniumLibrary">
<arg>//span[@id='select2-div_cd-container']</arg>
<arg>${timeout}</arg>
<doc>Waits until the element ``locator`` is visible.</doc>
<status status="PASS" start="2024-10-24T09:33:04.291355" elapsed="0.851205"/>
</kw>
<kw name="Click Element" owner="SeleniumLibrary">
<msg time="2024-10-24T09:33:05.143661" level="INFO">Clicking element '//span[@id='select2-div_cd-container']'.</msg>
<arg>//span[@id='select2-div_cd-container']</arg>
<doc>Click the element identified by ``locator``.</doc>
<status status="PASS" start="2024-10-24T09:33:05.143234" elapsed="0.937961"/>
</kw>
<kw name="Wait Until Element Is Visible" owner="SeleniumLibrary">
<arg>//ul[@class='select2-results__options']</arg>
<arg>${timeout}</arg>
<doc>Waits until the element ``locator`` is visible.</doc>
<status status="PASS" start="2024-10-24T09:33:06.081763" elapsed="0.840712"/>
</kw>
<kw name="Click Element" owner="SeleniumLibrary">
<msg time="2024-10-24T09:33:06.923720" level="INFO">Clicking element '//li[contains(@class, 'select2-results__option')][1]'.</msg>
<arg>//li[contains(@class, 'select2-results__option')][1]</arg>
<doc>Click the element identified by ``locator``.</doc>
<status status="PASS" start="2024-10-24T09:33:06.923425" elapsed="0.883815"/>
</kw>
<kw name="Wait Until Element Is Visible" owner="SeleniumLibrary">
<arg>//span[@id='select2-dept_cd-container']</arg>
<arg>${timeout}</arg>
<doc>Waits until the element ``locator`` is visible.</doc>
<status status="PASS" start="2024-10-24T09:33:07.807973" elapsed="0.837972"/>
</kw>
<kw name="Click Element" owner="SeleniumLibrary">
<msg time="2024-10-24T09:33:08.646732" level="INFO">Clicking element '//span[@id='select2-dept_cd-container']'.</msg>
<arg>//span[@id='select2-dept_cd-container']</arg>
<doc>Click the element identified by ``locator``.</doc>
<status status="PASS" start="2024-10-24T09:33:08.646426" elapsed="0.898879"/>
</kw>
<kw name="Input Text" owner="SeleniumLibrary">
<msg time="2024-10-24T09:33:09.546394" level="INFO">Typing text 'IT' into text field '//input[@class='select2-search__field']'.</msg>
<arg>//input[@class='select2-search__field']</arg>
<arg>${department}</arg>
<doc>Types the given ``text`` into the text field identified by ``locator``.</doc>
<status status="PASS" start="2024-10-24T09:33:09.545927" elapsed="1.335401"/>
</kw>
<kw name="Wait Until Element Is Visible" owner="SeleniumLibrary">
<arg>//li[@class='select2-results__option select2-results__option--highlighted']</arg>
<doc>Waits until the element ``locator`` is visible.</doc>
<status status="PASS" start="2024-10-24T09:33:10.882677" elapsed="0.830111"/>
</kw>
<kw name="Click Element" owner="SeleniumLibrary">
<msg time="2024-10-24T09:33:11.714021" level="INFO">Clicking element '//li[@class='select2-results__option select2-results__option--highlighted']'.</msg>
<arg>//li[@class='select2-results__option select2-results__option--highlighted']</arg>
<doc>Click the element identified by ``locator``.</doc>
<status status="PASS" start="2024-10-24T09:33:11.713566" elapsed="0.874653"/>
</kw>
<kw name="Wait Until Element Is Visible" owner="SeleniumLibrary">
<arg>//span[@id='select2-priority-container']</arg>
<arg>${timeout}</arg>
<doc>Waits until the element ``locator`` is visible.</doc>
<status status="PASS" start="2024-10-24T09:33:12.588850" elapsed="0.842835"/>
</kw>
<kw name="Click Element" owner="SeleniumLibrary">
<msg time="2024-10-24T09:33:13.432728" level="INFO">Clicking element '//span[@id='select2-priority-container']'.</msg>
<arg>//span[@id='select2-priority-container']</arg>
<doc>Click the element identified by ``locator``.</doc>
<status status="PASS" start="2024-10-24T09:33:13.432301" elapsed="0.892495"/>
</kw>
<kw name="Wait Until Element Is Visible" owner="SeleniumLibrary">
<arg>//span[@class='select2-dropdown select2-dropdown--below']</arg>
<arg>${timeout}</arg>
<doc>Waits until the element ``locator`` is visible.</doc>
<status status="PASS" start="2024-10-24T09:33:14.325628" elapsed="0.851411"/>
</kw>
<kw name="Click Element" owner="SeleniumLibrary">
<msg time="2024-10-24T09:33:15.178118" level="INFO">Clicking element '//li[contains(@id, 'select2-priority-result')][1]'.</msg>
<arg>//li[contains(@id, 'select2-priority-result')][1]</arg>
<doc>Click the element identified by ``locator``.</doc>
<status status="PASS" start="2024-10-24T09:33:15.177685" elapsed="0.902321"/>
</kw>
<kw name="Wait Until Element Is Visible" owner="SeleniumLibrary">
<arg>//span[@id='select2-working_activity_pr-container']</arg>
<arg>${timeout}</arg>
<doc>Waits until the element ``locator`` is visible.</doc>
<status status="PASS" start="2024-10-24T09:33:16.080612" elapsed="0.839019"/>
</kw>
<kw name="Click Element" owner="SeleniumLibrary">
<msg time="2024-10-24T09:33:16.920879" level="INFO">Clicking element '//span[@id='select2-working_activity_pr-container']'.</msg>
<arg>//span[@id='select2-working_activity_pr-container']</arg>
<doc>Click the element identified by ``locator``.</doc>
<status status="PASS" start="2024-10-24T09:33:16.920362" elapsed="0.900586"/>
</kw>
<kw name="Wait Until Element Is Visible" owner="SeleniumLibrary">
<arg>//span[@class='select2-dropdown select2-dropdown--below']</arg>
<arg>${timeout}</arg>
<doc>Waits until the element ``locator`` is visible.</doc>
<status status="PASS" start="2024-10-24T09:33:17.821898" elapsed="0.834745"/>
</kw>
<kw name="Click Element" owner="SeleniumLibrary">
<msg time="2024-10-24T09:33:18.657679" level="INFO">Clicking element '//li[contains(@class, 'select2-results__option')][1]'.</msg>
<arg>//li[contains(@class, 'select2-results__option')][1]</arg>
<doc>Click the element identified by ``locator``.</doc>
<status status="PASS" start="2024-10-24T09:33:18.657187" elapsed="0.882892"/>
</kw>
<kw name="Wait Until Element Is Visible" owner="SeleniumLibrary">
<arg>//span[@id='select2-location-container']</arg>
<arg>${timeout}</arg>
<doc>Waits until the element ``locator`` is visible.</doc>
<status status="PASS" start="2024-10-24T09:33:19.540767" elapsed="0.834474"/>
</kw>
<kw name="Click Element" owner="SeleniumLibrary">
<msg time="2024-10-24T09:33:20.376361" level="INFO">Clicking element '//span[@id='select2-location-container']'.</msg>
<arg>//span[@id='select2-location-container']</arg>
<doc>Click the element identified by ``locator``.</doc>
<status status="PASS" start="2024-10-24T09:33:20.375877" elapsed="0.893202"/>
</kw>
<kw name="Input Text" owner="SeleniumLibrary">
<msg time="2024-10-24T09:33:21.270601" level="INFO">Typing text 'intirub' into text field '//input[@class='select2-search__field']'.</msg>
<arg>//input[@class='select2-search__field']</arg>
<arg>${location}</arg>
<doc>Types the given ``text`` into the text field identified by ``locator``.</doc>
<status status="PASS" start="2024-10-24T09:33:21.270024" elapsed="1.371049"/>
</kw>
<kw name="Wait Until Element Is Visible" owner="SeleniumLibrary">
<arg>//span[@class='select2-dropdown select2-dropdown--below']</arg>
<arg>${timeout}</arg>
<doc>Waits until the element ``locator`` is visible.</doc>
<status status="PASS" start="2024-10-24T09:33:22.642138" elapsed="0.852557"/>
</kw>
<kw name="Click Element" owner="SeleniumLibrary">
<msg time="2024-10-24T09:33:23.495745" level="INFO">Clicking element '//li[@class='select2-results__option select2-results__option--highlighted']'.</msg>
<arg>//li[@class='select2-results__option select2-results__option--highlighted']</arg>
<doc>Click the element identified by ``locator``.</doc>
<status status="PASS" start="2024-10-24T09:33:23.495357" elapsed="0.884093"/>
</kw>
<kw name="Wait Until Element Is Visible" owner="SeleniumLibrary">
<arg>//span[@id='select2-ship-to-container']</arg>
<arg>${timeout}</arg>
<doc>Waits until the element ``locator`` is visible.</doc>
<status status="PASS" start="2024-10-24T09:33:24.379964" elapsed="0.836721"/>
</kw>
<kw name="Click Element" owner="SeleniumLibrary">
<msg time="2024-10-24T09:33:25.217981" level="INFO">Clicking element '//span[@id='select2-ship-to-container']'.</msg>
<arg>//span[@id='select2-ship-to-container']</arg>
<doc>Click the element identified by ``locator``.</doc>
<status status="PASS" start="2024-10-24T09:33:25.217701" elapsed="0.888310"/>
</kw>
<kw name="Wait Until Element Is Visible" owner="SeleniumLibrary">
<arg>//li[@class='select2-results__option select2-results__option--highlighted']</arg>
<arg>${timeout}</arg>
<doc>Waits until the element ``locator`` is visible.</doc>
<status status="PASS" start="2024-10-24T09:33:26.106675" elapsed="0.837617"/>
</kw>
<kw name="Click Element" owner="SeleniumLibrary">
<msg time="2024-10-24T09:33:26.945335" level="INFO">Clicking element '//li[@class='select2-results__option select2-results__option--highlighted']'.</msg>
<arg>//li[@class='select2-results__option select2-results__option--highlighted']</arg>
<doc>Click the element identified by ``locator``.</doc>
<status status="PASS" start="2024-10-24T09:33:26.944967" elapsed="0.879551"/>
</kw>
<kw name="Choose File" owner="SeleniumLibrary">
<msg time="2024-10-24T09:33:27.825491" level="INFO">Sending D:\NIDA\MMP\testing-system\PR-PO\source\contoh.pdf to browser.</msg>
<arg>//input[@name='pr_attachment[]']</arg>
<arg>${attachment_path}</arg>
<doc>Inputs the ``file_path`` into the file input field ``locator``.</doc>
<status status="PASS" start="2024-10-24T09:33:27.825174" elapsed="0.863053"/>
</kw>
<kw name="Get Current Date" owner="DateTime">
<msg time="2024-10-24T09:33:28.689675" level="INFO">${desc_and_remark} = 2024-10-24 09:33:28.689</msg>
<var>${desc_and_remark}</var>
<arg>local</arg>
<arg>result_format=timestamp</arg>
<doc>Returns current local or UTC time with an optional increment.</doc>
<status status="PASS" start="2024-10-24T09:33:28.689028" elapsed="0.000704"/>
</kw>
<kw name="Input Text" owner="SeleniumLibrary">
<msg time="2024-10-24T09:33:28.690688" level="INFO">Typing text '2024-10-24 09:33:28.689' into text field '//textarea[@name='remark']'.</msg>
<arg>//textarea[@name='remark']</arg>
<arg>${desc_and_remark}</arg>
<doc>Types the given ``text`` into the text field identified by ``locator``.</doc>
<status status="PASS" start="2024-10-24T09:33:28.690256" elapsed="1.399103"/>
</kw>
<kw name="Click Element" owner="SeleniumLibrary">
<msg time="2024-10-24T09:33:30.090672" level="INFO">Clicking element '//span[@id='select2-purchase-requisition-ajax1-container']'.</msg>
<arg>//span[@id='select2-purchase-requisition-ajax1-container']</arg>
<doc>Click the element identified by ``locator``.</doc>
<status status="PASS" start="2024-10-24T09:33:30.090342" elapsed="0.937143"/>
</kw>
<kw name="Input Text" owner="SeleniumLibrary">
<msg time="2024-10-24T09:33:31.028563" level="INFO">Typing text 'Mouse Logitech MX Anywhere 2S' into text field '//input[@class='select2-search__field']'.</msg>
<arg>//input[@class='select2-search__field']</arg>
<arg>${item}</arg>
<doc>Types the given ``text`` into the text field identified by ``locator``.</doc>
<status status="PASS" start="2024-10-24T09:33:31.028104" elapsed="1.411667"/>
</kw>
<kw name="Wait Until Element Is Visible" owner="SeleniumLibrary">
<arg>//span[@class='select2-dropdown select2-dropdown--below']</arg>
<arg>${timeout}</arg>
<doc>Waits until the element ``locator`` is visible.</doc>
<status status="PASS" start="2024-10-24T09:33:32.440914" elapsed="0.829239"/>
</kw>
<kw name="Click Element" owner="SeleniumLibrary">
<msg time="2024-10-24T09:33:33.272263" level="INFO">Clicking element '//li[@class='select2-results__option select2-results__option--highlighted']'.</msg>
<arg>//li[@class='select2-results__option select2-results__option--highlighted']</arg>
<doc>Click the element identified by ``locator``.</doc>
<status status="PASS" start="2024-10-24T09:33:33.271399" elapsed="0.904697"/>
</kw>
<kw name="Input Text" owner="SeleniumLibrary">
<msg time="2024-10-24T09:33:34.177209" level="INFO">Typing text '1' into text field '//input[@name='pr_order_qty[]']'.</msg>
<arg>//input[@name='pr_order_qty[]']</arg>
<arg>${order_qty}</arg>
<doc>Types the given ``text`` into the text field identified by ``locator``.</doc>
<status status="PASS" start="2024-10-24T09:33:34.176758" elapsed="1.373211"/>
</kw>
<kw name="Wait Until Element Is Visible" owner="SeleniumLibrary">
<arg>//textarea[@name='pr_remark[]']</arg>
<arg>${timeout}</arg>
<doc>Waits until the element ``locator`` is visible.</doc>
<status status="PASS" start="2024-10-24T09:33:35.551309" elapsed="0.860715"/>
</kw>
<kw name="Input Text" owner="SeleniumLibrary">
<msg time="2024-10-24T09:33:36.415088" level="INFO">Typing text '2024-10-24 09:33:28.689' into text field '//textarea[@name='pr_remark[]']'.</msg>
<arg>//textarea[@name='pr_remark[]']</arg>
<arg>${desc_and_remark}</arg>
<doc>Types the given ``text`` into the text field identified by ``locator``.</doc>
<status status="PASS" start="2024-10-24T09:33:36.413788" elapsed="1.398343"/>
</kw>
<kw name="Click Element" owner="SeleniumLibrary">
<msg time="2024-10-24T09:33:37.814804" level="INFO">Clicking element '//input[@name='pr_order_qty[]']'.</msg>
<arg>//input[@name='pr_order_qty[]']</arg>
<doc>Click the element identified by ``locator``.</doc>
<status status="PASS" start="2024-10-24T09:33:37.814415" elapsed="1.024867"/>
</kw>
<status status="PASS" start="2024-10-24T09:32:19.281426" elapsed="79.558318"/>
</test>
<test id="s1-t2" name="Save Purchase Requisition Entry" line="149">
<kw name="Click Button" owner="SeleniumLibrary">
<msg time="2024-10-24T09:33:38.841619" level="INFO">Clicking button '//button[@id='btn-submit-requisition' and @type='submit']'.</msg>
<arg>//button[@id='btn-submit-requisition' and @type='submit']</arg>
<doc>Clicks the button identified by ``locator``.</doc>
<status status="PASS" start="2024-10-24T09:33:38.841388" elapsed="11.939482"/>
</kw>
<kw name="Location Should Be" owner="SeleniumLibrary">
<msg time="2024-10-24T09:33:51.190963" level="INFO">Current location is 'http://devportal.mmproperty.com/purchaserequisition'.</msg>
<arg>http://devportal.mmproperty.com/purchaserequisition</arg>
<doc>Verifies that the current URL is exactly ``url``.</doc>
<status status="PASS" start="2024-10-24T09:33:50.782110" elapsed="0.409007"/>
</kw>
<status status="PASS" start="2024-10-24T09:33:38.840760" elapsed="12.351016"/>
</test>
<test id="s1-t3" name="Posting Purchase Requisition Entry With Save" line="154">
<kw name="Wait Until Element Is Visible" owner="SeleniumLibrary">
<arg>//a[@class='edit btn btn-danger btn-sm']</arg>
<arg>${timeout}</arg>
<doc>Waits until the element ``locator`` is visible.</doc>
<status status="PASS" start="2024-10-24T09:33:51.196059" elapsed="3.400176"/>
</kw>
<kw name="Click Element" owner="SeleniumLibrary">
<msg time="2024-10-24T09:33:54.598609" level="INFO">Clicking element '//a[@class='edit btn btn-danger btn-sm']'.</msg>
<arg>//a[@class='edit btn btn-danger btn-sm']</arg>
<doc>Click the element identified by ``locator``.</doc>
<status status="PASS" start="2024-10-24T09:33:54.597623" elapsed="33.480062"/>
</kw>
<kw name="Scroll Element Into View" owner="SeleniumLibrary">
<arg>//button[@class='btn btn-primary btn-sm']</arg>
<doc>Scrolls the element identified by ``locator`` into view.</doc>
<status status="PASS" start="2024-10-24T09:34:28.078236" elapsed="1.114374"/>
</kw>
<kw name="Click Button" owner="SeleniumLibrary">
<msg time="2024-10-24T09:34:29.193400" level="INFO">Clicking button '//button[@class='btn btn-primary btn-sm' and @type='submit']'.</msg>
<arg>//button[@class='btn btn-primary btn-sm' and @type='submit']</arg>
<doc>Clicks the button identified by ``locator``.</doc>
<status status="PASS" start="2024-10-24T09:34:29.193091" elapsed="2.256616"/>
</kw>
<kw name="Click Button" owner="SeleniumLibrary">
<msg time="2024-10-24T09:34:31.451024" level="INFO">Clicking button '//button[@class='swal2-confirm swal2-styled']'.</msg>
<arg>//button[@class='swal2-confirm swal2-styled']</arg>
<doc>Clicks the button identified by ``locator``.</doc>
<status status="PASS" start="2024-10-24T09:34:31.450696" elapsed="2.129283"/>
</kw>
<status status="PASS" start="2024-10-24T09:33:51.194982" elapsed="42.385832"/>
</test>
<test id="s1-t4" name="Approval Purchase Requisition" line="170">
<kw name="Set Selenium Speed" owner="SeleniumLibrary">
<arg>value=0.5</arg>
<doc>Sets the delay that is waited after each Selenium command.</doc>
<status status="PASS" start="2024-10-24T09:34:33.583470" elapsed="0.000323"/>
</kw>
<kw name="Open Browser" owner="SeleniumLibrary">
<msg time="2024-10-24T09:34:33.584787" level="INFO">Opening browser 'chrome' to base url 'http://devportal.mmproperty.com/login'.</msg>
<msg time="2024-10-24T09:34:34.315470" level="WARN">The chromedriver version (129.0.6668.100) detected in PATH at D:\NIDA\Testing\chromedriver.exe might not be compatible with the detected chrome version (130.0.6723.59); currently, chromedriver 130.0.6723.69 is recommended for chrome 130.*, so it is advised to delete the driver in PATH and retry</msg>
<arg>${LOGIN_URL}</arg>
<arg>${BROWSER}</arg>
<doc>Opens a new browser instance to the optional ``url``.</doc>
<status status="PASS" start="2024-10-24T09:34:33.584392" elapsed="10.688004"/>
</kw>
<kw name="Set Window Size" owner="SeleniumLibrary">
<arg>1920</arg>
<arg>1080</arg>
<doc>Sets current windows size to given ``width`` and ``height``.</doc>
<status status="PASS" start="2024-10-24T09:34:44.273637" elapsed="0.983090"/>
</kw>
<kw name="Input Text" owner="SeleniumLibrary">
<msg time="2024-10-24T09:34:45.258032" level="INFO">Typing text 'arief.wibowo' into text field '//input[@id='email']'.</msg>
<arg>//input[@id='email']</arg>
<arg>${approval_pr_user}</arg>
<doc>Types the given ``text`` into the text field identified by ``locator``.</doc>
<status status="PASS" start="2024-10-24T09:34:45.257477" elapsed="2.032795"/>
</kw>
<kw name="Input Password" owner="SeleniumLibrary">
<msg time="2024-10-24T09:34:47.291394" level="INFO">Typing password into text field '//input[@id='password']'.</msg>
<msg time="2024-10-24T09:34:48.367457" level="INFO">Temporally setting log level to: NONE</msg>
<arg>//input[@id='password']</arg>
<arg>${general_pass}</arg>
<doc>Types the given password into the text field identified by ``locator``.</doc>
<status status="PASS" start="2024-10-24T09:34:47.290822" elapsed="1.731998"/>
</kw>
<kw name="Click Button" owner="SeleniumLibrary">
<msg time="2024-10-24T09:34:49.023693" level="INFO">Clicking button '//button[@class='btn btn-primary btn-submit' and @type='submit']'.</msg>
<arg>//button[@class='btn btn-primary btn-submit' and @type='submit']</arg>
<doc>Clicks the button identified by ``locator``.</doc>
<status status="PASS" start="2024-10-24T09:34:49.023302" elapsed="4.986564"/>
</kw>
<kw name="Page Should Contain" owner="SeleniumLibrary">
<msg time="2024-10-24T09:34:55.041716" level="INFO">Current page contains text 'MMP Portal'.</msg>
<arg>MMP Portal</arg>
<doc>Verifies that current page contains ``text``.</doc>
<status status="PASS" start="2024-10-24T09:34:54.010374" elapsed="1.031538"/>
</kw>
<kw name="Go To" owner="SeleniumLibrary">
<msg time="2024-10-24T09:34:55.042640" level="INFO">Opening url 'http://devportal.mmproperty.com/purchaserequisition'</msg>
<arg>http://devportal.mmproperty.com/purchaserequisition</arg>
<doc>Navigates the current browser window to the provided ``url``.</doc>
<status status="PASS" start="2024-10-24T09:34:55.042402" elapsed="14.438167"/>
</kw>
<kw name="Page Should Contain" owner="SeleniumLibrary">
<msg time="2024-10-24T09:35:10.537820" level="INFO">Current page contains text 'Purchasement List'.</msg>
<arg>Purchasement List</arg>
<doc>Verifies that current page contains ``text``.</doc>
<status status="PASS" start="2024-10-24T09:35:09.484552" elapsed="1.053426"/>
</kw>
<kw name="Wait Until Page Contains Element" owner="SeleniumLibrary">
<arg>//a[@id='btn-purchase-approval']</arg>
<arg>timeout=30 seconds</arg>
<doc>Waits until the element ``locator`` appears on the current page.</doc>
<status status="PASS" start="2024-10-24T09:35:10.538466" elapsed="1.951263"/>
</kw>
<kw name="Click Element" owner="SeleniumLibrary">
<msg time="2024-10-24T09:35:12.490853" level="INFO">Clicking element '//a[@id='btn-purchase-approval']'.</msg>
<arg>//a[@id='btn-purchase-approval']</arg>
<doc>Click the element identified by ``locator``.</doc>
<status status="PASS" start="2024-10-24T09:35:12.490582" elapsed="1.089162"/>
</kw>
<kw name="Wait Until Element Is Visible" owner="SeleniumLibrary">
<arg>//button[@id='isapproval']</arg>
<arg>timeout=30 seconds</arg>
<doc>Waits until the element ``locator`` is visible.</doc>
<status status="PASS" start="2024-10-24T09:35:13.585693" elapsed="1.053222"/>
</kw>
<kw name="Page Should Contain" owner="SeleniumLibrary">
<msg time="2024-10-24T09:35:15.680815" level="INFO">Current page contains text 'Purchase Requisition Approval'.</msg>
<arg>Purchase Requisition Approval</arg>
<doc>Verifies that current page contains ``text``.</doc>
<status status="PASS" start="2024-10-24T09:35:14.639517" elapsed="1.041957"/>
</kw>
<kw name="Wait Until Page Contains Element" owner="SeleniumLibrary">
<arg>//input[@type='number' and @name='approved_qty[]']</arg>
<doc>Waits until the element ``locator`` appears on the current page.</doc>
<status status="PASS" start="2024-10-24T09:35:15.682070" elapsed="0.519963"/>
</kw>
<kw name="Input Text" owner="SeleniumLibrary">
<msg time="2024-10-24T09:35:16.203127" level="INFO">Typing text '1' into text field '//input[@type='number' and @name='approved_qty[]']'.</msg>
<arg>//input[@type='number' and @name='approved_qty[]']</arg>
<arg>${item_approve}</arg>
<doc>Types the given ``text`` into the text field identified by ``locator``.</doc>
<status status="PASS" start="2024-10-24T09:35:16.202684" elapsed="1.651821"/>
</kw>
<kw name="Wait Until Element Is Visible" owner="SeleniumLibrary">
<arg>//button[@id='isapproval' and @type='submit']</arg>
<doc>Waits until the element ``locator`` is visible.</doc>
<status status="PASS" start="2024-10-24T09:35:17.855286" elapsed="1.040685"/>
</kw>
<kw name="Click Button" owner="SeleniumLibrary">
<msg time="2024-10-24T09:35:18.898285" level="INFO">Clicking button '//button[@id='isapproval' and @type='submit']'.</msg>
<arg>//button[@id='isapproval' and @type='submit']</arg>
<doc>Clicks the button identified by ``locator``.</doc>
<status status="PASS" start="2024-10-24T09:35:18.897988" elapsed="2.618974"/>
</kw>
<kw name="Wait Until Page Contains" owner="SeleniumLibrary">
<arg>Approval Remarks</arg>
<doc>Waits until ``text`` appears on the current page.</doc>
<status status="PASS" start="2024-10-24T09:35:21.517676" elapsed="0.535219"/>
</kw>
<kw name="Input Text" owner="SeleniumLibrary">
<msg time="2024-10-24T09:35:22.054472" level="INFO">Typing text 'OK' into text field '//textarea[@id='approval-remarks']'.</msg>
<arg>//textarea[@id='approval-remarks']</arg>
<arg>${REMARKS_INPUT}</arg>
<doc>Types the given ``text`` into the text field identified by ``locator``.</doc>
<status status="PASS" start="2024-10-24T09:35:22.054141" elapsed="1.663600"/>
</kw>
<kw name="Click Button" owner="SeleniumLibrary">
<msg time="2024-10-24T09:35:23.718760" level="INFO">Clicking button '//button[@id='btn-ok']'.</msg>
<arg>//button[@id='btn-ok']</arg>
<doc>Clicks the button identified by ``locator``.</doc>
<status status="PASS" start="2024-10-24T09:35:23.718363" elapsed="2.655083"/>
</kw>
<kw name="Click Button" owner="SeleniumLibrary">
<msg time="2024-10-24T09:35:26.374422" level="INFO">Clicking button '//button[@class='swal2-confirm swal2-styled']'.</msg>
<arg>//button[@class='swal2-confirm swal2-styled']</arg>
<doc>Clicks the button identified by ``locator``.</doc>
<status status="PASS" start="2024-10-24T09:35:26.374110" elapsed="2.649756"/>
</kw>
<kw name="Wait Until Page Contains" owner="SeleniumLibrary">
<arg>Success</arg>
<doc>Waits until ``text`` appears on the current page.</doc>
<status status="PASS" start="2024-10-24T09:35:29.024441" elapsed="0.531737"/>
</kw>
<kw name="Location Should Be" owner="SeleniumLibrary">
<msg time="2024-10-24T09:35:30.066504" level="INFO">Current location is 'http://devportal.mmproperty.com/purchaserequisition'.</msg>
<arg>http://devportal.mmproperty.com/purchaserequisition</arg>
<doc>Verifies that the current URL is exactly ``url``.</doc>
<status status="PASS" start="2024-10-24T09:35:29.557269" elapsed="0.509495"/>
</kw>
<kw name="Close Browser" owner="SeleniumLibrary">
<doc>Closes the current browser.</doc>
<status status="PASS" start="2024-10-24T09:35:30.067692" elapsed="2.771491"/>
</kw>
<doc>This test case simulates the approval process of a purchase requisition by a Superior user. The test logs into the application, navigates to the purchase requisition section, and performs the approval action.</doc>
<status status="PASS" start="2024-10-24T09:34:33.582483" elapsed="59.257300"/>
</test>
<test id="s1-t5" name="Receive Purchase Requisiton" line="207">
<kw name="Set Selenium Speed" owner="SeleniumLibrary">
<arg>0.5s</arg>
<doc>Sets the delay that is waited after each Selenium command.</doc>
<status status="PASS" start="2024-10-24T09:35:32.842221" elapsed="0.000380"/>
</kw>
<kw name="Open Browser" owner="SeleniumLibrary">
<msg time="2024-10-24T09:35:32.843369" level="INFO">Opening browser 'chrome' to base url 'http://devportal.mmproperty.com/login'.</msg>
<msg time="2024-10-24T09:35:33.586965" level="WARN">The chromedriver version (129.0.6668.100) detected in PATH at D:\NIDA\Testing\chromedriver.exe might not be compatible with the detected chrome version (130.0.6723.59); currently, chromedriver 130.0.6723.69 is recommended for chrome 130.*, so it is advised to delete the driver in PATH and retry</msg>
<arg>${LOGIN_URL}</arg>
<arg>${browser}</arg>
<doc>Opens a new browser instance to the optional ``url``.</doc>
<status status="PASS" start="2024-10-24T09:35:32.843115" elapsed="9.577677"/>
</kw>
<kw name="Set Window Size" owner="SeleniumLibrary">
<arg>1920</arg>
<arg>1080</arg>
<doc>Sets current windows size to given ``width`` and ``height``.</doc>
<status status="PASS" start="2024-10-24T09:35:42.421308" elapsed="0.903994"/>
</kw>
<kw name="Input Text" owner="SeleniumLibrary">
<msg time="2024-10-24T09:35:43.329577" level="INFO">Typing text 'akira.majori' into text field '//input[@id='email']'.</msg>
<arg>//input[@id='email']</arg>
<arg>${purchasing}</arg>
<doc>Types the given ``text`` into the text field identified by ``locator``.</doc>
<status status="PASS" start="2024-10-24T09:35:43.329080" elapsed="1.738807"/>
</kw>
<kw name="Input Password" owner="SeleniumLibrary">
<msg time="2024-10-24T09:35:45.070040" level="INFO">Typing password into text field '//input[@id='password']'.</msg>
<msg time="2024-10-24T09:35:46.163787" level="INFO">Temporally setting log level to: NONE</msg>
<arg>//input[@id='password']</arg>
<arg>${general_pass}</arg>
<doc>Types the given password into the text field identified by ``locator``.</doc>
<status status="PASS" start="2024-10-24T09:35:45.069522" elapsed="1.701206"/>
</kw>
<kw name="Click Button" owner="SeleniumLibrary">
<msg time="2024-10-24T09:35:46.771786" level="INFO">Clicking button '//button[@class='btn btn-primary btn-submit' and @type='submit']'.</msg>
<arg>//button[@class='btn btn-primary btn-submit' and @type='submit']</arg>
<doc>Clicks the button identified by ``locator``.</doc>
<status status="PASS" start="2024-10-24T09:35:46.771412" elapsed="4.600954"/>
</kw>
<kw name="Page Should Contain" owner="SeleniumLibrary">
<msg time="2024-10-24T09:35:52.407315" level="INFO">Current page contains text 'MMP Portal'.</msg>
<arg>MMP Portal</arg>
<doc>Verifies that current page contains ``text``.</doc>
<status status="PASS" start="2024-10-24T09:35:51.374261" elapsed="1.033203"/>
</kw>
<kw name="Go To" owner="SeleniumLibrary">
<msg time="2024-10-24T09:35:52.410117" level="INFO">Opening url 'http://devportal.mmproperty.com/purchaseorder'</msg>
<arg>${purchas_order_url}</arg>
<doc>Navigates the current browser window to the provided ``url``.</doc>
<status status="PASS" start="2024-10-24T09:35:52.409634" elapsed="1.790574"/>
</kw>
<kw name="Reload Page" owner="SeleniumLibrary">
<doc>Simulates user reloading page.</doc>
<status status="PASS" start="2024-10-24T09:35:54.200902" elapsed="1.387044"/>
</kw>
<kw name="Sleep" owner="BuiltIn">
<msg time="2024-10-24T09:36:00.589315" level="INFO">Slept 5 seconds.</msg>
<arg>5s</arg>
<doc>Pauses the test executed for the given time.</doc>
<status status="PASS" start="2024-10-24T09:35:55.588604" elapsed="5.000877"/>
</kw>
<kw name="Reload Page" owner="SeleniumLibrary">
<doc>Simulates user reloading page.</doc>
<status status="PASS" start="2024-10-24T09:36:00.591905" elapsed="1.336209"/>
</kw>
<kw name="Page Should Contain" owner="SeleniumLibrary">
<msg time="2024-10-24T09:36:02.954837" level="INFO">Current page contains text 'Purchasement List'.</msg>
<arg>Purchasement List</arg>
<doc>Verifies that current page contains ``text``.</doc>
<status status="PASS" start="2024-10-24T09:36:01.929045" elapsed="1.025942"/>
</kw>
<kw name="Wait Until Element Is Visible" owner="SeleniumLibrary">
<arg>//a[@class="edit btn btn-warning btn-sm"]</arg>
<arg>${timeout}</arg>
<doc>Waits until the element ``locator`` is visible.</doc>
<status status="PASS" start="2024-10-24T09:36:02.955589" elapsed="4.736336"/>
</kw>
<kw name="Click Element" owner="SeleniumLibrary">
<msg time="2024-10-24T09:36:07.693095" level="INFO">Clicking element '//a[@class="edit btn btn-warning btn-sm"]'.</msg>
<arg>//a[@class="edit btn btn-warning btn-sm"]</arg>
<doc>Click the element identified by ``locator``.</doc>
<status status="PASS" start="2024-10-24T09:36:07.692824" elapsed="25.440007"/>
</kw>
<kw name="Scroll Element Into View" owner="SeleniumLibrary">
<arg>//button[@id="btnConfirmPR"]</arg>
<doc>Scrolls the element identified by ``locator`` into view.</doc>
<status status="PASS" start="2024-10-24T09:36:33.133320" elapsed="1.324041"/>
</kw>
<kw name="Click Button" owner="SeleniumLibrary">
<msg time="2024-10-24T09:36:34.459160" level="INFO">Clicking button '//button[@id="btnConfirmPR"]'.</msg>
<arg>//button[@id="btnConfirmPR"]</arg>
<doc>Clicks the button identified by ``locator``.</doc>
<status status="PASS" start="2024-10-24T09:36:34.458333" elapsed="2.654305"/>
</kw>
<kw name="Wait Until Element Is Visible" owner="SeleniumLibrary">
<arg>//button[@class='swal2-confirm swal2-styled']</arg>
<doc>Waits until the element ``locator`` is visible.</doc>
<status status="PASS" start="2024-10-24T09:36:37.113341" elapsed="1.039570"/>
</kw>
<kw name="Click Button" owner="SeleniumLibrary">
<msg time="2024-10-24T09:36:38.154040" level="INFO">Clicking button '//button[@class="swal2-confirm swal2-styled"]'.</msg>
<arg>//button[@class="swal2-confirm swal2-styled"]</arg>
<doc>Clicks the button identified by ``locator``.</doc>
<status status="PASS" start="2024-10-24T09:36:38.153574" elapsed="2.623152"/>
</kw>
<kw name="Close Browser" owner="SeleniumLibrary">
<doc>Closes the current browser.</doc>
<status status="PASS" start="2024-10-24T09:36:40.779243" elapsed="2.771279"/>
</kw>
<doc>This test case is used to receive purchase requisition by Akira Majori</doc>
<status status="PASS" start="2024-10-24T09:35:32.841391" elapsed="70.711303"/>
</test>
<test id="s1-t6" name="Send RFQ - Shopping List" line="238">
<kw name="Set Selenium Speed" owner="SeleniumLibrary">
<arg>0.5s</arg>
<doc>Sets the delay that is waited after each Selenium command.</doc>
<status status="PASS" start="2024-10-24T09:36:43.555126" elapsed="0.000262"/>
</kw>
<kw name="Open Browser" owner="SeleniumLibrary">
<msg time="2024-10-24T09:36:43.556072" level="INFO">Opening browser 'chrome' to base url 'http://devportal.mmproperty.com/login'.</msg>
<msg time="2024-10-24T09:36:44.236063" level="WARN">The chromedriver version (129.0.6668.100) detected in PATH at D:\NIDA\Testing\chromedriver.exe might not be compatible with the detected chrome version (130.0.6723.59); currently, chromedriver 130.0.6723.69 is recommended for chrome 130.*, so it is advised to delete the driver in PATH and retry</msg>
<arg>${LOGIN_URL}</arg>
<arg>${browser}</arg>
<doc>Opens a new browser instance to the optional ``url``.</doc>
<status status="PASS" start="2024-10-24T09:36:43.555831" elapsed="9.386600"/>
</kw>
<kw name="Set Window Size" owner="SeleniumLibrary">
<arg>1920</arg>
<arg>1080</arg>
<doc>Sets current windows size to given ``width`` and ``height``.</doc>
<status status="PASS" start="2024-10-24T09:36:52.943482" elapsed="0.928515"/>
</kw>
<kw name="Input Text" owner="SeleniumLibrary">
<msg time="2024-10-24T09:36:53.873115" level="INFO">Typing text 'akira.majori' into text field '//input[@id='email']'.</msg>
<arg>//input[@id='email']</arg>
<arg>${purchasing}</arg>
<doc>Types the given ``text`` into the text field identified by ``locator``.</doc>
<status status="PASS" start="2024-10-24T09:36:53.872618" elapsed="1.872400"/>
</kw>
<kw name="Input Password" owner="SeleniumLibrary">
<msg time="2024-10-24T09:36:55.746009" level="INFO">Typing password into text field '//input[@id='password']'.</msg>
<msg time="2024-10-24T09:36:56.839293" level="INFO">Temporally setting log level to: NONE</msg>
<arg>//input[@id='password']</arg>
<arg>${general_pass}</arg>
<doc>Types the given password into the text field identified by ``locator``.</doc>
<status status="PASS" start="2024-10-24T09:36:55.745539" elapsed="1.715724"/>
</kw>
<kw name="Click Button" owner="SeleniumLibrary">
<msg time="2024-10-24T09:36:57.462326" level="INFO">Clicking button '//button[@class='btn btn-primary btn-submit' and @type='submit']'.</msg>
<arg>//button[@class='btn btn-primary btn-submit' and @type='submit']</arg>
<doc>Clicks the button identified by ``locator``.</doc>
<status status="PASS" start="2024-10-24T09:36:57.462046" elapsed="4.482041"/>
</kw>
<kw name="Page Should Contain" owner="SeleniumLibrary">
<msg time="2024-10-24T09:37:02.973932" level="INFO">Current page contains text 'MMP Portal'.</msg>
<arg>MMP Portal</arg>
<doc>Verifies that current page contains ``text``.</doc>
<status status="PASS" start="2024-10-24T09:37:01.944708" elapsed="1.029413"/>
</kw>
<kw name="Go To" owner="SeleniumLibrary">
<msg time="2024-10-24T09:37:02.975179" level="INFO">Opening url 'http://devportal.mmproperty.com/purchaseorder'</msg>
<arg>${purchas_order_url}</arg>
<doc>Navigates the current browser window to the provided ``url``.</doc>
<status status="PASS" start="2024-10-24T09:37:02.974800" elapsed="1.552125"/>
</kw>
<kw name="Wait Until Element Is Visible" owner="SeleniumLibrary">
<arg>//a[contains(@class, 'btn-primary')]</arg>
<arg>${timeout}</arg>
<doc>Waits until the element ``locator`` is visible.</doc>
<status status="PASS" start="2024-10-24T09:37:04.527607" elapsed="4.614535"/>
</kw>
<kw name="Click Element" owner="SeleniumLibrary">
<msg time="2024-10-24T09:37:09.143159" level="INFO">Clicking element '//a[contains(@class, 'btn-primary')]'.</msg>
<arg>//a[contains(@class, 'btn-primary')]</arg>
<doc>Click the element identified by ``locator``.</doc>
<status status="PASS" start="2024-10-24T09:37:09.142830" elapsed="24.713490"/>
</kw>
<kw name="Scroll Element Into View" owner="SeleniumLibrary">
<arg>//input[@id='check1']</arg>
<doc>Scrolls the element identified by ``locator`` into view.</doc>
<status status="PASS" start="2024-10-24T09:37:33.857285" elapsed="1.321390"/>
</kw>
<kw name="Wait Until Element Is Visible" owner="SeleniumLibrary">
<arg>//input[@id='check1']</arg>
<arg>${timeout}</arg>
<doc>Waits until the element ``locator`` is visible.</doc>
<status status="PASS" start="2024-10-24T09:37:35.179336" elapsed="1.031749"/>
</kw>
<kw name="Click Element" owner="SeleniumLibrary">
<msg time="2024-10-24T09:37:36.212132" level="INFO">Clicking element '//input[@id='check1']'.</msg>
<arg>//input[@id='check1']</arg>
<doc>Click the element identified by ``locator``.</doc>
<status status="PASS" start="2024-10-24T09:37:36.211774" elapsed="1.094892"/>
</kw>
<kw name="Scroll Element Into View" owner="SeleniumLibrary">
<arg>//button[@id='btnProcessItem']</arg>
<doc>Scrolls the element identified by ``locator`` into view.</doc>
<status status="PASS" start="2024-10-24T09:37:37.307176" elapsed="1.318329"/>
</kw>
<kw name="Click Button" owner="SeleniumLibrary">
<msg time="2024-10-24T09:37:38.627854" level="INFO">Clicking button '//button[@id='btnProcessItem']'.</msg>
<arg>//button[@id='btnProcessItem']</arg>
<doc>Clicks the button identified by ``locator``.</doc>
<status status="PASS" start="2024-10-24T09:37:38.627221" elapsed="2.632068"/>
</kw>
<kw name="Sleep" owner="BuiltIn">
<msg time="2024-10-24T09:37:46.262664" level="INFO">Slept 5 seconds.</msg>
<arg>5 seconds</arg>
<doc>Pauses the test executed for the given time.</doc>
<status status="PASS" start="2024-10-24T09:37:41.261885" elapsed="5.001075"/>
</kw>
<kw name="Click Element" owner="SeleniumLibrary">
<msg time="2024-10-24T09:37:46.264362" level="INFO">Clicking element '//a[@href='#tab-rfq']'.</msg>
<arg>//a[@href='#tab-rfq']</arg>
<doc>Click the element identified by ``locator``.</doc>
<status status="PASS" start="2024-10-24T09:37:46.263850" elapsed="1.110510"/>
</kw>
<kw name="Scroll Element Into View" owner="SeleniumLibrary">
<arg>//input[@style='width: 100%']</arg>
<doc>Scrolls the element identified by ``locator`` into view.</doc>
<status status="PASS" start="2024-10-24T09:37:47.377131" elapsed="1.351557"/>
</kw>
<kw name="Click Element" owner="SeleniumLibrary">
<msg time="2024-10-24T09:37:48.729870" level="INFO">Clicking element '//input[@style='width: 100%']'.</msg>
<arg>//input[@style='width: 100%']</arg>
<doc>Click the element identified by ``locator``.</doc>
<status status="PASS" start="2024-10-24T09:37:48.729584" elapsed="1.089260"/>
</kw>
<kw name="Wait Until Element Is Visible" owner="SeleniumLibrary">
<arg>//div[@class='swal2-popup swal2-modal swal2-show']</arg>
<arg>${timeout}</arg>
<doc>Waits until the element ``locator`` is visible.</doc>
<status status="PASS" start="2024-10-24T09:37:49.819867" elapsed="1.765355"/>
</kw>
<kw name="Click Button" owner="SeleniumLibrary">
<msg time="2024-10-24T09:37:51.586237" level="INFO">Clicking button '//button[@class='swal2-confirm swal2-styled]'.</msg>
<msg time="2024-10-24T09:37:52.314902" level="INFO" html="true">&lt;/td&gt;&lt;/tr&gt;&lt;tr&gt;&lt;td colspan="3"&gt;&lt;a href="selenium-screenshot-3.png"&gt;&lt;img src="selenium-screenshot-3.png" width="800px"&gt;&lt;/a&gt;</msg>
<msg time="2024-10-24T09:37:52.315378" level="FAIL">InvalidSelectorException: Message: invalid selector
from javascript error: {"status":32,"value":"Unable to locate an element with the xpath expression //button[@class='swal2-confirm swal2-styled] because of the following error:\nSyntaxError: Failed to execute 'evaluate' on 'Document': The string '//button[@class='swal2-confirm swal2-styled]' is not a valid XPath expression."}
  (Session info: chrome=130.0.6723.59); For documentation on this error, please visit: https://www.selenium.dev/documentation/webdriver/troubleshooting/errors#invalid-selector-exception
Stacktrace:
	GetHandleVerifier [0x00007FF78674B095+29557]
	(No symbol) [0x00007FF7866BFA50]
	(No symbol) [0x00007FF78657B56A]
	(No symbol) [0x00007FF78658213E]
	(No symbol) [0x00007FF7865844B7]
	(No symbol) [0x00007FF786584570]
	(No symbol) [0x00007FF7865CF20F]
	(No symbol) [0x00007FF7865CF8EC]
	(No symbol) [0x00007FF78661B7A7]
	(No symbol) [0x00007FF7865F71CF]
	(No symbol) [0x00007FF78661851C]
	(No symbol) [0x00007FF7865F6F33]
	(No symbol) [0x00007FF7865C116F]
	(No symbol) [0x00007FF7865C22D1]
	GetHandleVerifier [0x00007FF786A7C96D+3378253]
	GetHandleVerifier [0x00007FF786AC8497+3688311]
	GetHandleVerifier [0x00007FF786ABD1CB+3642539]
	GetHandleVerifier [0x00007FF78680A6B6+813462]
	(No symbol) [0x00007FF7866CAB5F]
	(No symbol) [0x00007FF7866C6B74]
	(No symbol) [0x00007FF7866C6D10]
	(No symbol) [0x00007FF7866B5C1F]
	BaseThreadInitThunk [0x00007FFA8EBB7374+20]
	RtlUserThreadStart [0x00007FFA9061CC91+33]
</msg>
<arg>//button[@class='swal2-confirm swal2-styled]</arg>
<doc>Clicks the button identified by ``locator``.</doc>
<status status="FAIL" start="2024-10-24T09:37:51.585868" elapsed="0.799848">InvalidSelectorException: Message: invalid selector
from javascript error: {"status":32,"value":"Unable to locate an element with the xpath expression //button[@class='swal2-confirm swal2-styled] because of the following error:\nSyntaxError: Failed to execute 'evaluate' on 'Document': The string '//button[@class='swal2-confirm swal2-styled]' is not a valid XPath expression."}
  (Session info: chrome=130.0.6723.59); For documentation on this error, please visit: https://www.selenium.dev/documentation/webdriver/troubleshooting/errors#invalid-selector-exception
Stacktrace:
	GetHandleVerifier [0x00007FF78674B095+29557]
	(No symbol) [0x00007FF7866BFA50]
	(No symbol) [0x00007FF78657B56A]
	(No symbol) [0x00007FF78658213E]
	(No symbol) [0x00007FF7865844B7]
	(No symbol) [0x00007FF786584570]
	(No symbol) [0x00007FF7865CF20F]
	(No symbol) [0x00007FF7865CF8EC]
	(No symbol) [0x00007FF78661B7A7]
	(No symbol) [0x00007FF7865F71CF]
	(No symbol) [0x00007FF78661851C]
	(No symbol) [0x00007FF7865F6F33]
	(No symbol) [0x00007FF7865C116F]
	(No symbol) [0x00007FF7865C22D1]
	GetHandleVerifier [0x00007FF786A7C96D+3378253]
	GetHandleVerifier [0x00007FF786AC8497+3688311]
	GetHandleVerifier [0x00007FF786ABD1CB+3642539]
	GetHandleVerifier [0x00007FF78680A6B6+813462]
	(No symbol) [0x00007FF7866CAB5F]
	(No symbol) [0x00007FF7866C6B74]
	(No symbol) [0x00007FF7866C6D10]
	(No symbol) [0x00007FF7866B5C1F]
	BaseThreadInitThunk [0x00007FFA8EBB7374+20]
	RtlUserThreadStart [0x00007FFA9061CC91+33]
</status>
</kw>
<status status="FAIL" start="2024-10-24T09:36:43.554497" elapsed="68.831952">InvalidSelectorException: Message: invalid selector
from javascript error: {"status":32,"value":"Unable to locate an element with the xpath expression //button[@class='swal2-confirm swal2-styled] because of the following error:\nSyntaxError: Failed to execute 'evaluate' on 'Document': The string '//button[@class='swal2-confirm swal2-styled]' is not a valid XPath expression."}
  (Session info: chrome=130.0.6723.59); For documentation on this error, please visit: https://www.selenium.dev/documentation/webdriver/troubleshooting/errors#invalid-selector-exception
Stacktrace:
	GetHandleVerifier [0x00007FF78674B095+29557]
	(No symbol) [0x00007FF7866BFA50]
	(No symbol) [0x00007FF78657B56A]
	(No symbol) [0x00007FF78658213E]
	(No symbol) [0x00007FF7865844B7]
	(No symbol) [0x00007FF786584570]
	(No symbol) [0x00007FF7865CF20F]
	(No symbol) [0x00007FF7865CF8EC]
	(No symbol) [0x00007FF78661B7A7]
	(No symbol) [0x00007FF7865F71CF]
	(No symbol) [0x00007FF78661851C]
	(No symbol) [0x00007FF7865F6F33]
	(No symbol) [0x00007FF7865C116F]
	(No symbol) [0x00007FF7865C22D1]
	GetHandleVerifier [0x00007FF786A7C96D+3378253]
	GetHandleVerifier [0x00007FF786AC8497+3688311]
	GetHandleVerifier [0x00007FF786ABD1CB+3642539]
	GetHandleVerifier [0x00007FF78680A6B6+813462]
	(No symbol) [0x00007FF7866CAB5F]
	(No symbol) [0x00007FF7866C6B74]
	(No symbol) [0x00007FF7866C6D10]
	(No symbol) [0x00007FF7866B5C1F]
	BaseThreadInitThunk [0x00007FFA8EBB7374+20]
	RtlUserThreadStart [0x00007FFA9061CC91+33]
</status>
</test>
<test id="s1-t7" name="Edit Draft Purchase Order" line="273">
<tag>robot:exit</tag>
<status status="FAIL" start="2024-10-24T09:37:52.398935" elapsed="0.001763">Failure occurred and exit-on-failure mode is in use.</status>
</test>
<test id="s1-t8" name="Generate Purchase Order" line="286">
<tag>robot:exit</tag>
<status status="FAIL" start="2024-10-24T09:37:52.404645" elapsed="0.005606">Failure occurred and exit-on-failure mode is in use.</status>
</test>
<test id="s1-t9" name="Draft Purchase Order Approval By Mgr Purchasing" line="300">
<tag>robot:exit</tag>
<status status="FAIL" start="2024-10-24T09:37:52.412091" elapsed="0.000846">Failure occurred and exit-on-failure mode is in use.</status>
</test>
<test id="s1-t10" name="Draft Purchase Order Approval By Head Purchasing" line="341">
<tag>robot:exit</tag>
<status status="FAIL" start="2024-10-24T09:37:52.414590" elapsed="0.001148">Failure occurred and exit-on-failure mode is in use.</status>
</test>
<test id="s1-t11" name="Draft Purchase Order Approval By Budget" line="381">
<tag>robot:exit</tag>
<status status="FAIL" start="2024-10-24T09:37:52.419144" elapsed="0.000911">Failure occurred and exit-on-failure mode is in use.</status>
</test>
<test id="s1-t12" name="Posting Purchase Order" line="421">
<tag>robot:exit</tag>
<status status="FAIL" start="2024-10-24T09:37:52.429046" elapsed="0.000797">Failure occurred and exit-on-failure mode is in use.</status>
</test>
<test id="s1-t13" name="Approval PO By Head Purchasing" line="464">
<tag>robot:exit</tag>
<status status="FAIL" start="2024-10-24T09:37:52.432058" elapsed="0.000589">Failure occurred and exit-on-failure mode is in use.</status>
</test>
<test id="s1-t14" name="Create GRN" line="495">
<tag>robot:exit</tag>
<status status="FAIL" start="2024-10-24T09:37:52.434256" elapsed="0.000553">Failure occurred and exit-on-failure mode is in use.</status>
</test>
<status status="FAIL" start="2024-10-24T09:32:18.734615" elapsed="333.702309"/>
</suite>
<statistics>
<total>
<stat pass="5" fail="9" skip="0">All Tests</stat>
</total>
<tag>
<stat pass="5" fail="1" skip="0" info="combined" combined="NOT robot:exit">NOT robot:exit</stat>
</tag>
<suite>
<stat pass="5" fail="9" skip="0" id="s1" name="Success-Pr-Po">Success-Pr-Po</stat>
</suite>
</statistics>
<errors>
<msg time="2024-10-24T09:32:20.007013" level="WARN">The chromedriver version (129.0.6668.100) detected in PATH at D:\NIDA\Testing\chromedriver.exe might not be compatible with the detected chrome version (130.0.6723.59); currently, chromedriver 130.0.6723.69 is recommended for chrome 130.*, so it is advised to delete the driver in PATH and retry</msg>
<msg time="2024-10-24T09:34:34.315470" level="WARN">The chromedriver version (129.0.6668.100) detected in PATH at D:\NIDA\Testing\chromedriver.exe might not be compatible with the detected chrome version (130.0.6723.59); currently, chromedriver 130.0.6723.69 is recommended for chrome 130.*, so it is advised to delete the driver in PATH and retry</msg>
<msg time="2024-10-24T09:35:33.586965" level="WARN">The chromedriver version (129.0.6668.100) detected in PATH at D:\NIDA\Testing\chromedriver.exe might not be compatible with the detected chrome version (130.0.6723.59); currently, chromedriver 130.0.6723.69 is recommended for chrome 130.*, so it is advised to delete the driver in PATH and retry</msg>
<msg time="2024-10-24T09:36:44.236063" level="WARN">The chromedriver version (129.0.6668.100) detected in PATH at D:\NIDA\Testing\chromedriver.exe might not be compatible with the detected chrome version (130.0.6723.59); currently, chromedriver 130.0.6723.69 is recommended for chrome 130.*, so it is advised to delete the driver in PATH and retry</msg>
</errors>
</robot>
